<?xml version="1.0" encoding="UTF-8"?>
<testsuite name="study.querydsl.QuerydslBasicTest" tests="1" skipped="0" failures="0" errors="0" timestamp="2022-01-09T11:00:43" hostname="gim-yulhuiui-MacBook-Pro.local" time="0.727">
  <properties/>
  <testcase name="selectSubquery()" classname="study.querydsl.QuerydslBasicTest" time="0.727"/>
  <system-out><![CDATA[20:00:27.556 [Test worker] DEBUG org.springframework.test.context.BootstrapUtils - Instantiating CacheAwareContextLoaderDelegate from class [org.springframework.test.context.cache.DefaultCacheAwareContextLoaderDelegate]
20:00:27.576 [Test worker] DEBUG org.springframework.test.context.BootstrapUtils - Instantiating BootstrapContext using constructor [public org.springframework.test.context.support.DefaultBootstrapContext(java.lang.Class,org.springframework.test.context.CacheAwareContextLoaderDelegate)]
20:00:27.660 [Test worker] DEBUG org.springframework.test.context.BootstrapUtils - Instantiating TestContextBootstrapper for test class [study.querydsl.QuerydslBasicTest] from class [org.springframework.boot.test.context.SpringBootTestContextBootstrapper]
20:00:27.706 [Test worker] INFO org.springframework.boot.test.context.SpringBootTestContextBootstrapper - Neither @ContextConfiguration nor @ContextHierarchy found for test class [study.querydsl.QuerydslBasicTest], using SpringBootContextLoader
20:00:27.714 [Test worker] DEBUG org.springframework.test.context.support.AbstractContextLoader - Did not detect default resource location for test class [study.querydsl.QuerydslBasicTest]: class path resource [study/querydsl/QuerydslBasicTest-context.xml] does not exist
20:00:27.715 [Test worker] DEBUG org.springframework.test.context.support.AbstractContextLoader - Did not detect default resource location for test class [study.querydsl.QuerydslBasicTest]: class path resource [study/querydsl/QuerydslBasicTestContext.groovy] does not exist
20:00:27.715 [Test worker] INFO org.springframework.test.context.support.AbstractContextLoader - Could not detect default resource locations for test class [study.querydsl.QuerydslBasicTest]: no resource found for suffixes {-context.xml, Context.groovy}.
20:00:27.716 [Test worker] INFO org.springframework.test.context.support.AnnotationConfigContextLoaderUtils - Could not detect default configuration classes for test class [study.querydsl.QuerydslBasicTest]: QuerydslBasicTest does not declare any static, non-private, non-final, nested classes annotated with @Configuration.
20:00:27.803 [Test worker] DEBUG org.springframework.test.context.support.ActiveProfilesUtils - Could not find an 'annotation declaring class' for annotation type [org.springframework.test.context.ActiveProfiles] and class [study.querydsl.QuerydslBasicTest]
20:00:28.302 [Test worker] DEBUG org.springframework.context.annotation.ClassPathScanningCandidateComponentProvider - Identified candidate component class: file [/Users/kim-yulhee/Spring-Study/querydsl/build/classes/java/main/study/querydsl/QuerydslApplication.class]
20:00:28.304 [Test worker] INFO org.springframework.boot.test.context.SpringBootTestContextBootstrapper - Found @SpringBootConfiguration study.querydsl.QuerydslApplication for test class study.querydsl.QuerydslBasicTest
20:00:28.956 [Test worker] DEBUG org.springframework.boot.test.context.SpringBootTestContextBootstrapper - @TestExecutionListeners is not present for class [study.querydsl.QuerydslBasicTest]: using defaults.
20:00:28.958 [Test worker] INFO org.springframework.boot.test.context.SpringBootTestContextBootstrapper - Loaded default TestExecutionListener class names from location [META-INF/spring.factories]: [org.springframework.boot.test.autoconfigure.restdocs.RestDocsTestExecutionListener, org.springframework.boot.test.autoconfigure.web.client.MockRestServiceServerResetTestExecutionListener, org.springframework.boot.test.autoconfigure.web.servlet.MockMvcPrintOnlyOnFailureTestExecutionListener, org.springframework.boot.test.autoconfigure.web.servlet.WebDriverTestExecutionListener, org.springframework.boot.test.autoconfigure.webservices.client.MockWebServiceServerTestExecutionListener, org.springframework.boot.test.mock.mockito.MockitoTestExecutionListener, org.springframework.boot.test.mock.mockito.ResetMocksTestExecutionListener, org.springframework.test.context.web.ServletTestExecutionListener, org.springframework.test.context.support.DirtiesContextBeforeModesTestExecutionListener, org.springframework.test.context.event.ApplicationEventsTestExecutionListener, org.springframework.test.context.support.DependencyInjectionTestExecutionListener, org.springframework.test.context.support.DirtiesContextTestExecutionListener, org.springframework.test.context.transaction.TransactionalTestExecutionListener, org.springframework.test.context.jdbc.SqlScriptsTestExecutionListener, org.springframework.test.context.event.EventPublishingTestExecutionListener]
20:00:29.027 [Test worker] INFO org.springframework.boot.test.context.SpringBootTestContextBootstrapper - Using TestExecutionListeners: [org.springframework.test.context.web.ServletTestExecutionListener@28a2a3e7, org.springframework.test.context.support.DirtiesContextBeforeModesTestExecutionListener@3f2049b6, org.springframework.test.context.event.ApplicationEventsTestExecutionListener@10b3df93, org.springframework.boot.test.mock.mockito.MockitoTestExecutionListener@ea27e34, org.springframework.boot.test.autoconfigure.SpringBootDependencyInjectionTestExecutionListener@33a2499c, org.springframework.test.context.support.DirtiesContextTestExecutionListener@e72dba7, org.springframework.test.context.transaction.TransactionalTestExecutionListener@33c2bd, org.springframework.test.context.jdbc.SqlScriptsTestExecutionListener@1dfd5f51, org.springframework.test.context.event.EventPublishingTestExecutionListener@3c321bdb, org.springframework.boot.test.autoconfigure.restdocs.RestDocsTestExecutionListener@24855019, org.springframework.boot.test.autoconfigure.web.client.MockRestServiceServerResetTestExecutionListener@3abd581e, org.springframework.boot.test.autoconfigure.web.servlet.MockMvcPrintOnlyOnFailureTestExecutionListener@4d4d8fcf, org.springframework.boot.test.autoconfigure.web.servlet.WebDriverTestExecutionListener@610db97e, org.springframework.boot.test.autoconfigure.webservices.client.MockWebServiceServerTestExecutionListener@6f0628de, org.springframework.boot.test.mock.mockito.ResetMocksTestExecutionListener@3fabf088]
20:00:29.035 [Test worker] DEBUG org.springframework.test.context.support.AbstractDirtiesContextTestExecutionListener - Before test class: context [DefaultTestContext@6ca320ab testClass = QuerydslBasicTest, testInstance = [null], testMethod = [null], testException = [null], mergedContextConfiguration = [WebMergedContextConfiguration@50d68830 testClass = QuerydslBasicTest, locations = '{}', classes = '{class study.querydsl.QuerydslApplication}', contextInitializerClasses = '[]', activeProfiles = '{}', propertySourceLocations = '{}', propertySourceProperties = '{org.springframework.boot.test.context.SpringBootTestContextBootstrapper=true}', contextCustomizers = set[org.springframework.boot.test.autoconfigure.actuate.metrics.MetricsExportContextCustomizerFactory$DisableMetricExportContextCustomizer@505a9d7c, org.springframework.boot.test.autoconfigure.properties.PropertyMappingContextCustomizer@0, org.springframework.boot.test.autoconfigure.web.servlet.WebDriverContextCustomizerFactory$Customizer@7b324585, org.springframework.boot.test.context.filter.ExcludeFilterContextCustomizer@5974109, org.springframework.boot.test.json.DuplicateJsonObjectContextCustomizerFactory$DuplicateJsonObjectContextCustomizer@502f1f4c, org.springframework.boot.test.mock.mockito.MockitoContextCustomizer@0, org.springframework.boot.test.web.client.TestRestTemplateContextCustomizer@4cc6fa2a, org.springframework.boot.test.context.SpringBootTestArgs@1, org.springframework.boot.test.context.SpringBootTestWebEnvironment@61710c6], resourceBasePath = 'src/main/webapp', contextLoader = 'org.springframework.boot.test.context.SpringBootContextLoader', parent = [null]], attributes = map['org.springframework.test.context.web.ServletTestExecutionListener.activateListener' -> true]], class annotated with @DirtiesContext [false] with mode [null].
20:00:29.188 [Test worker] DEBUG org.springframework.boot.ApplicationServletEnvironment - Activating profiles []
20:00:29.190 [Test worker] DEBUG org.springframework.test.context.support.TestPropertySourceUtils - Adding inlined properties to environment: {spring.jmx.enabled=false, org.springframework.boot.test.context.SpringBootTestContextBootstrapper=true}

  .   ____          _            __ _ _
 /\\ / ___'_ __ _ _(_)_ __  __ _ \ \ \ \
( ( )\___ | '_ | '_| | '_ \/ _` | \ \ \ \
 \\/  ___)| |_)| | | | | || (_| |  ) ) ) )
  '  |____| .__|_| |_|_| |_\__, | / / / /
 =========|_|==============|___/=/_/_/_/
 :: Spring Boot ::                (v2.6.2)

2022-01-09 20:00:31.231  INFO 73335 --- [    Test worker] study.querydsl.QuerydslBasicTest         : Starting QuerydslBasicTest using Java 11.0.11 on gim-yulhuiui-MacBook-Pro.local with PID 73335 (started by kim-yulhee in /Users/kim-yulhee/Spring-Study/querydsl)
2022-01-09 20:00:31.233  INFO 73335 --- [    Test worker] study.querydsl.QuerydslBasicTest         : No active profile set, falling back to default profiles: default
2022-01-09 20:00:34.219  INFO 73335 --- [    Test worker] .s.d.r.c.RepositoryConfigurationDelegate : Bootstrapping Spring Data JPA repositories in DEFAULT mode.
2022-01-09 20:00:34.327  INFO 73335 --- [    Test worker] .s.d.r.c.RepositoryConfigurationDelegate : Finished Spring Data repository scanning in 52 ms. Found 0 JPA repository interfaces.
2022-01-09 20:00:39.156  INFO 73335 --- [    Test worker] o.hibernate.jpa.internal.util.LogHelper  : HHH000204: Processing PersistenceUnitInfo [name: default]
2022-01-09 20:00:39.523  INFO 73335 --- [    Test worker] org.hibernate.Version                    : HHH000412: Hibernate ORM core version 5.6.3.Final
2022-01-09 20:00:40.157  INFO 73335 --- [    Test worker] o.hibernate.annotations.common.Version   : HCANN000001: Hibernate Commons Annotations {5.1.2.Final}
2022-01-09 20:00:40.287  INFO 73335 --- [    Test worker] com.zaxxer.hikari.HikariDataSource       : HikariPool-1 - Starting...
2022-01-09 20:00:40.442  INFO 73335 --- [    Test worker] com.zaxxer.hikari.HikariDataSource       : HikariPool-1 - Start completed.
2022-01-09 20:00:40.489  INFO 73335 --- [    Test worker] org.hibernate.dialect.Dialect            : HHH000400: Using dialect: org.hibernate.dialect.H2Dialect
2022-01-09 20:00:42.164 DEBUG 73335 --- [    Test worker] org.hibernate.SQL                        : 
    
    drop table if exists hello CASCADE 
2022-01-09 20:00:42.173 DEBUG 73335 --- [    Test worker] org.hibernate.SQL                        : 
    
    drop table if exists member CASCADE 
2022-01-09 20:00:42.181 DEBUG 73335 --- [    Test worker] org.hibernate.SQL                        : 
    
    drop table if exists team CASCADE 
2022-01-09 20:00:42.185 DEBUG 73335 --- [    Test worker] org.hibernate.SQL                        : 
    
    drop sequence if exists hibernate_sequence
2022-01-09 20:00:42.189 DEBUG 73335 --- [    Test worker] org.hibernate.SQL                        : create sequence hibernate_sequence start with 1 increment by 1
2022-01-09 20:00:42.192 DEBUG 73335 --- [    Test worker] org.hibernate.SQL                        : 
    
    create table hello (
       id bigint not null,
        primary key (id)
    )
2022-01-09 20:00:42.196 DEBUG 73335 --- [    Test worker] org.hibernate.SQL                        : 
    
    create table member (
       member_id bigint not null,
        age integer not null,
        username varchar(255),
        team_id bigint,
        primary key (member_id)
    )
2022-01-09 20:00:42.207 DEBUG 73335 --- [    Test worker] org.hibernate.SQL                        : 
    
    create table team (
       id bigint not null,
        name varchar(255),
        primary key (id)
    )
2022-01-09 20:00:42.225 DEBUG 73335 --- [    Test worker] org.hibernate.SQL                        : 
    
    alter table member 
       add constraint FKcjte2jn9pvo9ud2hyfgwcja0k 
       foreign key (team_id) 
       references team
2022-01-09 20:00:42.276  INFO 73335 --- [    Test worker] o.h.e.t.j.p.i.JtaPlatformInitiator       : HHH000490: Using JtaPlatform implementation: [org.hibernate.engine.transaction.jta.platform.internal.NoJtaPlatform]
2022-01-09 20:00:42.299  INFO 73335 --- [    Test worker] j.LocalContainerEntityManagerFactoryBean : Initialized JPA EntityManagerFactory for persistence unit 'default'
2022-01-09 20:00:42.639  WARN 73335 --- [    Test worker] JpaBaseConfiguration$JpaWebConfiguration : spring.jpa.open-in-view is enabled by default. Therefore, database queries may be performed during view rendering. Explicitly configure spring.jpa.open-in-view to disable this warning
2022-01-09 20:00:43.529  INFO 73335 --- [    Test worker] study.querydsl.QuerydslBasicTest         : Started QuerydslBasicTest in 14.334 seconds (JVM running for 18.964)
2022-01-09 20:00:43.750  INFO 73335 --- [    Test worker] o.s.t.c.transaction.TransactionContext   : Began transaction (1) for test context [DefaultTestContext@6ca320ab testClass = QuerydslBasicTest, testInstance = study.querydsl.QuerydslBasicTest@eb6ccbc, testMethod = selectSubquery@QuerydslBasicTest, testException = [null], mergedContextConfiguration = [WebMergedContextConfiguration@50d68830 testClass = QuerydslBasicTest, locations = '{}', classes = '{class study.querydsl.QuerydslApplication}', contextInitializerClasses = '[]', activeProfiles = '{}', propertySourceLocations = '{}', propertySourceProperties = '{org.springframework.boot.test.context.SpringBootTestContextBootstrapper=true}', contextCustomizers = set[org.springframework.boot.test.autoconfigure.actuate.metrics.MetricsExportContextCustomizerFactory$DisableMetricExportContextCustomizer@505a9d7c, org.springframework.boot.test.autoconfigure.properties.PropertyMappingContextCustomizer@0, org.springframework.boot.test.autoconfigure.web.servlet.WebDriverContextCustomizerFactory$Customizer@7b324585, org.springframework.boot.test.context.filter.ExcludeFilterContextCustomizer@5974109, org.springframework.boot.test.json.DuplicateJsonObjectContextCustomizerFactory$DuplicateJsonObjectContextCustomizer@502f1f4c, org.springframework.boot.test.mock.mockito.MockitoContextCustomizer@0, org.springframework.boot.test.web.client.TestRestTemplateContextCustomizer@4cc6fa2a, org.springframework.boot.test.context.SpringBootTestArgs@1, org.springframework.boot.test.context.SpringBootTestWebEnvironment@61710c6], resourceBasePath = 'src/main/webapp', contextLoader = 'org.springframework.boot.test.context.SpringBootContextLoader', parent = [null]], attributes = map['org.springframework.test.context.web.ServletTestExecutionListener.activateListener' -> true, 'org.springframework.test.context.web.ServletTestExecutionListener.populatedRequestContextHolder' -> true, 'org.springframework.test.context.web.ServletTestExecutionListener.resetRequestContextHolder' -> true, 'org.springframework.test.context.event.ApplicationEventsTestExecutionListener.recordApplicationEvents' -> false]]; transaction manager [org.springframework.orm.jpa.JpaTransactionManager@3fecb076]; rollback [true]
2022-01-09 20:00:43.909 DEBUG 73335 --- [    Test worker] org.hibernate.SQL                        : 
    call next value for hibernate_sequence
2022-01-09 20:00:43.969 DEBUG 73335 --- [    Test worker] org.hibernate.SQL                        : 
    call next value for hibernate_sequence
2022-01-09 20:00:43.973 DEBUG 73335 --- [    Test worker] org.hibernate.SQL                        : 
    call next value for hibernate_sequence
2022-01-09 20:00:43.976 DEBUG 73335 --- [    Test worker] org.hibernate.SQL                        : 
    call next value for hibernate_sequence
2022-01-09 20:00:43.978 DEBUG 73335 --- [    Test worker] org.hibernate.SQL                        : 
    call next value for hibernate_sequence
2022-01-09 20:00:43.980 DEBUG 73335 --- [    Test worker] org.hibernate.SQL                        : 
    call next value for hibernate_sequence
2022-01-09 20:00:44.284 DEBUG 73335 --- [    Test worker] org.hibernate.SQL                        : 
    /* insert study.querydsl.entity.Team
        */ insert 
        into
            team
            (name, id) 
        values
            (?, ?)
2022-01-09 20:00:44.288 DEBUG 73335 --- [    Test worker] org.hibernate.SQL                        : 
    /* insert study.querydsl.entity.Team
        */ insert 
        into
            team
            (name, id) 
        values
            (?, ?)
2022-01-09 20:00:44.289 DEBUG 73335 --- [    Test worker] org.hibernate.SQL                        : 
    /* insert study.querydsl.entity.Member
        */ insert 
        into
            member
            (age, team_id, username, member_id) 
        values
            (?, ?, ?, ?)
2022-01-09 20:00:44.294 DEBUG 73335 --- [    Test worker] org.hibernate.SQL                        : 
    /* insert study.querydsl.entity.Member
        */ insert 
        into
            member
            (age, team_id, username, member_id) 
        values
            (?, ?, ?, ?)
2022-01-09 20:00:44.296 DEBUG 73335 --- [    Test worker] org.hibernate.SQL                        : 
    /* insert study.querydsl.entity.Member
        */ insert 
        into
            member
            (age, team_id, username, member_id) 
        values
            (?, ?, ?, ?)
2022-01-09 20:00:44.298 DEBUG 73335 --- [    Test worker] org.hibernate.SQL                        : 
    /* insert study.querydsl.entity.Member
        */ insert 
        into
            member
            (age, team_id, username, member_id) 
        values
            (?, ?, ?, ?)
2022-01-09 20:00:44.308 DEBUG 73335 --- [    Test worker] org.hibernate.SQL                        : 
    /* select
        member1.username,
        (select
            avg(memberSub.age) 
        from
            Member memberSub) 
    from
        Member member1 */ select
            member0_.username as col_0_0_,
            (select
                avg(cast(member1_.age as double)) 
            from
                member member1_) as col_1_0_ 
        from
            member member0_
tuple = [member1, 25.0]
tuple = [member2, 25.0]
tuple = [member3, 25.0]
tuple = [member4, 25.0]
2022-01-09 20:00:44.344  INFO 73335 --- [    Test worker] o.s.t.c.transaction.TransactionContext   : Rolled back transaction for test: [DefaultTestContext@6ca320ab testClass = QuerydslBasicTest, testInstance = study.querydsl.QuerydslBasicTest@eb6ccbc, testMethod = selectSubquery@QuerydslBasicTest, testException = [null], mergedContextConfiguration = [WebMergedContextConfiguration@50d68830 testClass = QuerydslBasicTest, locations = '{}', classes = '{class study.querydsl.QuerydslApplication}', contextInitializerClasses = '[]', activeProfiles = '{}', propertySourceLocations = '{}', propertySourceProperties = '{org.springframework.boot.test.context.SpringBootTestContextBootstrapper=true}', contextCustomizers = set[org.springframework.boot.test.autoconfigure.actuate.metrics.MetricsExportContextCustomizerFactory$DisableMetricExportContextCustomizer@505a9d7c, org.springframework.boot.test.autoconfigure.properties.PropertyMappingContextCustomizer@0, org.springframework.boot.test.autoconfigure.web.servlet.WebDriverContextCustomizerFactory$Customizer@7b324585, org.springframework.boot.test.context.filter.ExcludeFilterContextCustomizer@5974109, org.springframework.boot.test.json.DuplicateJsonObjectContextCustomizerFactory$DuplicateJsonObjectContextCustomizer@502f1f4c, org.springframework.boot.test.mock.mockito.MockitoContextCustomizer@0, org.springframework.boot.test.web.client.TestRestTemplateContextCustomizer@4cc6fa2a, org.springframework.boot.test.context.SpringBootTestArgs@1, org.springframework.boot.test.context.SpringBootTestWebEnvironment@61710c6], resourceBasePath = 'src/main/webapp', contextLoader = 'org.springframework.boot.test.context.SpringBootContextLoader', parent = [null]], attributes = map['org.springframework.test.context.web.ServletTestExecutionListener.activateListener' -> true, 'org.springframework.test.context.web.ServletTestExecutionListener.populatedRequestContextHolder' -> true, 'org.springframework.test.context.web.ServletTestExecutionListener.resetRequestContextHolder' -> true, 'org.springframework.test.context.event.ApplicationEventsTestExecutionListener.recordApplicationEvents' -> false]]
]]></system-out>
  <system-err><![CDATA[]]></system-err>
</testsuite>
