<?xml version="1.0" encoding="UTF-8"?>
<testsuite name="study.querydsl.QuerydslApplicationTests" tests="1" skipped="0" failures="0" errors="0" timestamp="2022-01-03T13:34:05" hostname="gim-yulhuiui-MacBook-Pro.local" time="0.919">
  <properties/>
  <testcase name="contextLoads()" classname="study.querydsl.QuerydslApplicationTests" time="0.919"/>
  <system-out><![CDATA[22:33:58.325 [Test worker] DEBUG org.springframework.test.context.BootstrapUtils - Instantiating CacheAwareContextLoaderDelegate from class [org.springframework.test.context.cache.DefaultCacheAwareContextLoaderDelegate]
22:33:58.338 [Test worker] DEBUG org.springframework.test.context.BootstrapUtils - Instantiating BootstrapContext using constructor [public org.springframework.test.context.support.DefaultBootstrapContext(java.lang.Class,org.springframework.test.context.CacheAwareContextLoaderDelegate)]
22:33:58.380 [Test worker] DEBUG org.springframework.test.context.BootstrapUtils - Instantiating TestContextBootstrapper for test class [study.querydsl.QuerydslApplicationTests] from class [org.springframework.boot.test.context.SpringBootTestContextBootstrapper]
22:33:58.397 [Test worker] INFO org.springframework.boot.test.context.SpringBootTestContextBootstrapper - Neither @ContextConfiguration nor @ContextHierarchy found for test class [study.querydsl.QuerydslApplicationTests], using SpringBootContextLoader
22:33:58.401 [Test worker] DEBUG org.springframework.test.context.support.AbstractContextLoader - Did not detect default resource location for test class [study.querydsl.QuerydslApplicationTests]: class path resource [study/querydsl/QuerydslApplicationTests-context.xml] does not exist
22:33:58.402 [Test worker] DEBUG org.springframework.test.context.support.AbstractContextLoader - Did not detect default resource location for test class [study.querydsl.QuerydslApplicationTests]: class path resource [study/querydsl/QuerydslApplicationTestsContext.groovy] does not exist
22:33:58.402 [Test worker] INFO org.springframework.test.context.support.AbstractContextLoader - Could not detect default resource locations for test class [study.querydsl.QuerydslApplicationTests]: no resource found for suffixes {-context.xml, Context.groovy}.
22:33:58.403 [Test worker] INFO org.springframework.test.context.support.AnnotationConfigContextLoaderUtils - Could not detect default configuration classes for test class [study.querydsl.QuerydslApplicationTests]: QuerydslApplicationTests does not declare any static, non-private, non-final, nested classes annotated with @Configuration.
22:33:58.468 [Test worker] DEBUG org.springframework.test.context.support.ActiveProfilesUtils - Could not find an 'annotation declaring class' for annotation type [org.springframework.test.context.ActiveProfiles] and class [study.querydsl.QuerydslApplicationTests]
22:33:58.562 [Test worker] DEBUG org.springframework.context.annotation.ClassPathScanningCandidateComponentProvider - Identified candidate component class: file [/Users/kim-yulhee/Spring-Study/querydsl/build/classes/java/main/study/querydsl/QuerydslApplication.class]
22:33:58.564 [Test worker] INFO org.springframework.boot.test.context.SpringBootTestContextBootstrapper - Found @SpringBootConfiguration study.querydsl.QuerydslApplication for test class study.querydsl.QuerydslApplicationTests
22:33:58.731 [Test worker] DEBUG org.springframework.boot.test.context.SpringBootTestContextBootstrapper - @TestExecutionListeners is not present for class [study.querydsl.QuerydslApplicationTests]: using defaults.
22:33:58.732 [Test worker] INFO org.springframework.boot.test.context.SpringBootTestContextBootstrapper - Loaded default TestExecutionListener class names from location [META-INF/spring.factories]: [org.springframework.boot.test.autoconfigure.restdocs.RestDocsTestExecutionListener, org.springframework.boot.test.autoconfigure.web.client.MockRestServiceServerResetTestExecutionListener, org.springframework.boot.test.autoconfigure.web.servlet.MockMvcPrintOnlyOnFailureTestExecutionListener, org.springframework.boot.test.autoconfigure.web.servlet.WebDriverTestExecutionListener, org.springframework.boot.test.autoconfigure.webservices.client.MockWebServiceServerTestExecutionListener, org.springframework.boot.test.mock.mockito.MockitoTestExecutionListener, org.springframework.boot.test.mock.mockito.ResetMocksTestExecutionListener, org.springframework.test.context.web.ServletTestExecutionListener, org.springframework.test.context.support.DirtiesContextBeforeModesTestExecutionListener, org.springframework.test.context.event.ApplicationEventsTestExecutionListener, org.springframework.test.context.support.DependencyInjectionTestExecutionListener, org.springframework.test.context.support.DirtiesContextTestExecutionListener, org.springframework.test.context.transaction.TransactionalTestExecutionListener, org.springframework.test.context.jdbc.SqlScriptsTestExecutionListener, org.springframework.test.context.event.EventPublishingTestExecutionListener]
22:33:58.764 [Test worker] INFO org.springframework.boot.test.context.SpringBootTestContextBootstrapper - Using TestExecutionListeners: [org.springframework.test.context.web.ServletTestExecutionListener@63fd4873, org.springframework.test.context.support.DirtiesContextBeforeModesTestExecutionListener@1e11bc55, org.springframework.test.context.event.ApplicationEventsTestExecutionListener@7544a1e4, org.springframework.boot.test.mock.mockito.MockitoTestExecutionListener@70e0accd, org.springframework.boot.test.autoconfigure.SpringBootDependencyInjectionTestExecutionListener@7957dc72, org.springframework.test.context.support.DirtiesContextTestExecutionListener@6ab72419, org.springframework.test.context.transaction.TransactionalTestExecutionListener@3aacf32a, org.springframework.test.context.jdbc.SqlScriptsTestExecutionListener@4fdfa676, org.springframework.test.context.event.EventPublishingTestExecutionListener@82c57b3, org.springframework.boot.test.autoconfigure.restdocs.RestDocsTestExecutionListener@5be82d43, org.springframework.boot.test.autoconfigure.web.client.MockRestServiceServerResetTestExecutionListener@600b0b7, org.springframework.boot.test.autoconfigure.web.servlet.MockMvcPrintOnlyOnFailureTestExecutionListener@345e5a17, org.springframework.boot.test.autoconfigure.web.servlet.WebDriverTestExecutionListener@5ea502e0, org.springframework.boot.test.autoconfigure.webservices.client.MockWebServiceServerTestExecutionListener@443dbe42, org.springframework.boot.test.mock.mockito.ResetMocksTestExecutionListener@473b3b7a]
22:33:58.773 [Test worker] DEBUG org.springframework.test.context.support.AbstractDirtiesContextTestExecutionListener - Before test class: context [DefaultTestContext@4e9658b5 testClass = QuerydslApplicationTests, testInstance = [null], testMethod = [null], testException = [null], mergedContextConfiguration = [WebMergedContextConfiguration@2a7b6f69 testClass = QuerydslApplicationTests, locations = '{}', classes = '{class study.querydsl.QuerydslApplication}', contextInitializerClasses = '[]', activeProfiles = '{}', propertySourceLocations = '{}', propertySourceProperties = '{org.springframework.boot.test.context.SpringBootTestContextBootstrapper=true}', contextCustomizers = set[org.springframework.boot.test.autoconfigure.actuate.metrics.MetricsExportContextCustomizerFactory$DisableMetricExportContextCustomizer@4351c8c3, org.springframework.boot.test.autoconfigure.properties.PropertyMappingContextCustomizer@0, org.springframework.boot.test.autoconfigure.web.servlet.WebDriverContextCustomizerFactory$Customizer@39ad977d, org.springframework.boot.test.context.filter.ExcludeFilterContextCustomizer@18025ced, org.springframework.boot.test.json.DuplicateJsonObjectContextCustomizerFactory$DuplicateJsonObjectContextCustomizer@5d2a4eed, org.springframework.boot.test.mock.mockito.MockitoContextCustomizer@0, org.springframework.boot.test.web.client.TestRestTemplateContextCustomizer@665df3c6, org.springframework.boot.test.context.SpringBootTestArgs@1, org.springframework.boot.test.context.SpringBootTestWebEnvironment@41f69e84], resourceBasePath = 'src/main/webapp', contextLoader = 'org.springframework.boot.test.context.SpringBootContextLoader', parent = [null]], attributes = map['org.springframework.test.context.web.ServletTestExecutionListener.activateListener' -> true]], class annotated with @DirtiesContext [false] with mode [null].
22:33:58.914 [Test worker] DEBUG org.springframework.boot.ApplicationServletEnvironment - Activating profiles []
22:33:58.917 [Test worker] DEBUG org.springframework.test.context.support.TestPropertySourceUtils - Adding inlined properties to environment: {spring.jmx.enabled=false, org.springframework.boot.test.context.SpringBootTestContextBootstrapper=true}

  .   ____          _            __ _ _
 /\\ / ___'_ __ _ _(_)_ __  __ _ \ \ \ \
( ( )\___ | '_ | '_| | '_ \/ _` | \ \ \ \
 \\/  ___)| |_)| | | | | || (_| |  ) ) ) )
  '  |____| .__|_| |_|_| |_\__, | / / / /
 =========|_|==============|___/=/_/_/_/
 :: Spring Boot ::                (v2.6.2)

2022-01-03 22:33:59.403  INFO 76472 --- [    Test worker] study.querydsl.QuerydslApplicationTests  : Starting QuerydslApplicationTests using Java 11.0.11 on gim-yulhuiui-MacBook-Pro.local with PID 76472 (started by kim-yulhee in /Users/kim-yulhee/Spring-Study/querydsl)
2022-01-03 22:33:59.407  INFO 76472 --- [    Test worker] study.querydsl.QuerydslApplicationTests  : No active profile set, falling back to default profiles: default
2022-01-03 22:34:00.603  INFO 76472 --- [    Test worker] .s.d.r.c.RepositoryConfigurationDelegate : Bootstrapping Spring Data JPA repositories in DEFAULT mode.
2022-01-03 22:34:00.625  INFO 76472 --- [    Test worker] .s.d.r.c.RepositoryConfigurationDelegate : Finished Spring Data repository scanning in 9 ms. Found 0 JPA repository interfaces.
2022-01-03 22:34:01.586  INFO 76472 --- [    Test worker] com.zaxxer.hikari.HikariDataSource       : HikariPool-1 - Starting...
2022-01-03 22:34:01.932  INFO 76472 --- [    Test worker] com.zaxxer.hikari.HikariDataSource       : HikariPool-1 - Start completed.
2022-01-03 22:34:02.028  INFO 76472 --- [    Test worker] o.hibernate.jpa.internal.util.LogHelper  : HHH000204: Processing PersistenceUnitInfo [name: default]
2022-01-03 22:34:02.131  INFO 76472 --- [    Test worker] org.hibernate.Version                    : HHH000412: Hibernate ORM core version 5.6.3.Final
2022-01-03 22:34:02.423  INFO 76472 --- [    Test worker] o.hibernate.annotations.common.Version   : HCANN000001: Hibernate Commons Annotations {5.1.2.Final}
2022-01-03 22:34:02.620  INFO 76472 --- [    Test worker] org.hibernate.dialect.Dialect            : HHH000400: Using dialect: org.hibernate.dialect.H2Dialect
2022-01-03 22:34:03.678  INFO 76472 --- [    Test worker] o.h.e.t.j.p.i.JtaPlatformInitiator       : HHH000490: Using JtaPlatform implementation: [org.hibernate.engine.transaction.jta.platform.internal.NoJtaPlatform]
2022-01-03 22:34:03.696  INFO 76472 --- [    Test worker] j.LocalContainerEntityManagerFactoryBean : Initialized JPA EntityManagerFactory for persistence unit 'default'
2022-01-03 22:34:04.238  WARN 76472 --- [    Test worker] JpaBaseConfiguration$JpaWebConfiguration : spring.jpa.open-in-view is enabled by default. Therefore, database queries may be performed during view rendering. Explicitly configure spring.jpa.open-in-view to disable this warning
2022-01-03 22:34:05.386  INFO 76472 --- [    Test worker] study.querydsl.QuerydslApplicationTests  : Started QuerydslApplicationTests in 6.466 seconds (JVM running for 8.539)
2022-01-03 22:34:05.614  INFO 76472 --- [    Test worker] o.s.t.c.transaction.TransactionContext   : Began transaction (1) for test context [DefaultTestContext@4e9658b5 testClass = QuerydslApplicationTests, testInstance = study.querydsl.QuerydslApplicationTests@43e86c0c, testMethod = contextLoads@QuerydslApplicationTests, testException = [null], mergedContextConfiguration = [WebMergedContextConfiguration@2a7b6f69 testClass = QuerydslApplicationTests, locations = '{}', classes = '{class study.querydsl.QuerydslApplication}', contextInitializerClasses = '[]', activeProfiles = '{}', propertySourceLocations = '{}', propertySourceProperties = '{org.springframework.boot.test.context.SpringBootTestContextBootstrapper=true}', contextCustomizers = set[org.springframework.boot.test.autoconfigure.actuate.metrics.MetricsExportContextCustomizerFactory$DisableMetricExportContextCustomizer@4351c8c3, org.springframework.boot.test.autoconfigure.properties.PropertyMappingContextCustomizer@0, org.springframework.boot.test.autoconfigure.web.servlet.WebDriverContextCustomizerFactory$Customizer@39ad977d, org.springframework.boot.test.context.filter.ExcludeFilterContextCustomizer@18025ced, org.springframework.boot.test.json.DuplicateJsonObjectContextCustomizerFactory$DuplicateJsonObjectContextCustomizer@5d2a4eed, org.springframework.boot.test.mock.mockito.MockitoContextCustomizer@0, org.springframework.boot.test.web.client.TestRestTemplateContextCustomizer@665df3c6, org.springframework.boot.test.context.SpringBootTestArgs@1, org.springframework.boot.test.context.SpringBootTestWebEnvironment@41f69e84], resourceBasePath = 'src/main/webapp', contextLoader = 'org.springframework.boot.test.context.SpringBootContextLoader', parent = [null]], attributes = map['org.springframework.test.context.web.ServletTestExecutionListener.activateListener' -> true, 'org.springframework.test.context.web.ServletTestExecutionListener.populatedRequestContextHolder' -> true, 'org.springframework.test.context.web.ServletTestExecutionListener.resetRequestContextHolder' -> true, 'org.springframework.test.context.event.ApplicationEventsTestExecutionListener.recordApplicationEvents' -> false]]; transaction manager [org.springframework.orm.jpa.JpaTransactionManager@f287a4e]; rollback [true]
2022-01-03 22:34:06.409  INFO 76472 --- [    Test worker] o.s.t.c.transaction.TransactionContext   : Rolled back transaction for test: [DefaultTestContext@4e9658b5 testClass = QuerydslApplicationTests, testInstance = study.querydsl.QuerydslApplicationTests@43e86c0c, testMethod = contextLoads@QuerydslApplicationTests, testException = [null], mergedContextConfiguration = [WebMergedContextConfiguration@2a7b6f69 testClass = QuerydslApplicationTests, locations = '{}', classes = '{class study.querydsl.QuerydslApplication}', contextInitializerClasses = '[]', activeProfiles = '{}', propertySourceLocations = '{}', propertySourceProperties = '{org.springframework.boot.test.context.SpringBootTestContextBootstrapper=true}', contextCustomizers = set[org.springframework.boot.test.autoconfigure.actuate.metrics.MetricsExportContextCustomizerFactory$DisableMetricExportContextCustomizer@4351c8c3, org.springframework.boot.test.autoconfigure.properties.PropertyMappingContextCustomizer@0, org.springframework.boot.test.autoconfigure.web.servlet.WebDriverContextCustomizerFactory$Customizer@39ad977d, org.springframework.boot.test.context.filter.ExcludeFilterContextCustomizer@18025ced, org.springframework.boot.test.json.DuplicateJsonObjectContextCustomizerFactory$DuplicateJsonObjectContextCustomizer@5d2a4eed, org.springframework.boot.test.mock.mockito.MockitoContextCustomizer@0, org.springframework.boot.test.web.client.TestRestTemplateContextCustomizer@665df3c6, org.springframework.boot.test.context.SpringBootTestArgs@1, org.springframework.boot.test.context.SpringBootTestWebEnvironment@41f69e84], resourceBasePath = 'src/main/webapp', contextLoader = 'org.springframework.boot.test.context.SpringBootContextLoader', parent = [null]], attributes = map['org.springframework.test.context.web.ServletTestExecutionListener.activateListener' -> true, 'org.springframework.test.context.web.ServletTestExecutionListener.populatedRequestContextHolder' -> true, 'org.springframework.test.context.web.ServletTestExecutionListener.resetRequestContextHolder' -> true, 'org.springframework.test.context.event.ApplicationEventsTestExecutionListener.recordApplicationEvents' -> false]]
]]></system-out>
  <system-err><![CDATA[]]></system-err>
</testsuite>
