<?xml version="1.0" encoding="UTF-8"?>
<testsuite name="study.querydsl.QuerydslBasicTest" tests="1" skipped="0" failures="0" errors="0" timestamp="2022-01-10T13:39:02" hostname="gim-yulhuiui-MacBook-Pro.local" time="1.105">
  <properties/>
  <testcase name="findDtoByConstructor()" classname="study.querydsl.QuerydslBasicTest" time="1.105"/>
  <system-out><![CDATA[22:38:53.778 [Test worker] DEBUG org.springframework.test.context.BootstrapUtils - Instantiating CacheAwareContextLoaderDelegate from class [org.springframework.test.context.cache.DefaultCacheAwareContextLoaderDelegate]
22:38:53.796 [Test worker] DEBUG org.springframework.test.context.BootstrapUtils - Instantiating BootstrapContext using constructor [public org.springframework.test.context.support.DefaultBootstrapContext(java.lang.Class,org.springframework.test.context.CacheAwareContextLoaderDelegate)]
22:38:53.855 [Test worker] DEBUG org.springframework.test.context.BootstrapUtils - Instantiating TestContextBootstrapper for test class [study.querydsl.QuerydslBasicTest] from class [org.springframework.boot.test.context.SpringBootTestContextBootstrapper]
22:38:53.890 [Test worker] INFO org.springframework.boot.test.context.SpringBootTestContextBootstrapper - Neither @ContextConfiguration nor @ContextHierarchy found for test class [study.querydsl.QuerydslBasicTest], using SpringBootContextLoader
22:38:53.896 [Test worker] DEBUG org.springframework.test.context.support.AbstractContextLoader - Did not detect default resource location for test class [study.querydsl.QuerydslBasicTest]: class path resource [study/querydsl/QuerydslBasicTest-context.xml] does not exist
22:38:53.897 [Test worker] DEBUG org.springframework.test.context.support.AbstractContextLoader - Did not detect default resource location for test class [study.querydsl.QuerydslBasicTest]: class path resource [study/querydsl/QuerydslBasicTestContext.groovy] does not exist
22:38:53.897 [Test worker] INFO org.springframework.test.context.support.AbstractContextLoader - Could not detect default resource locations for test class [study.querydsl.QuerydslBasicTest]: no resource found for suffixes {-context.xml, Context.groovy}.
22:38:53.899 [Test worker] INFO org.springframework.test.context.support.AnnotationConfigContextLoaderUtils - Could not detect default configuration classes for test class [study.querydsl.QuerydslBasicTest]: QuerydslBasicTest does not declare any static, non-private, non-final, nested classes annotated with @Configuration.
22:38:54.014 [Test worker] DEBUG org.springframework.test.context.support.ActiveProfilesUtils - Could not find an 'annotation declaring class' for annotation type [org.springframework.test.context.ActiveProfiles] and class [study.querydsl.QuerydslBasicTest]
22:38:54.160 [Test worker] DEBUG org.springframework.context.annotation.ClassPathScanningCandidateComponentProvider - Identified candidate component class: file [/Users/kim-yulhee/Spring-Study/querydsl/build/classes/java/main/study/querydsl/QuerydslApplication.class]
22:38:54.161 [Test worker] INFO org.springframework.boot.test.context.SpringBootTestContextBootstrapper - Found @SpringBootConfiguration study.querydsl.QuerydslApplication for test class study.querydsl.QuerydslBasicTest
22:38:54.460 [Test worker] DEBUG org.springframework.boot.test.context.SpringBootTestContextBootstrapper - @TestExecutionListeners is not present for class [study.querydsl.QuerydslBasicTest]: using defaults.
22:38:54.461 [Test worker] INFO org.springframework.boot.test.context.SpringBootTestContextBootstrapper - Loaded default TestExecutionListener class names from location [META-INF/spring.factories]: [org.springframework.boot.test.autoconfigure.restdocs.RestDocsTestExecutionListener, org.springframework.boot.test.autoconfigure.web.client.MockRestServiceServerResetTestExecutionListener, org.springframework.boot.test.autoconfigure.web.servlet.MockMvcPrintOnlyOnFailureTestExecutionListener, org.springframework.boot.test.autoconfigure.web.servlet.WebDriverTestExecutionListener, org.springframework.boot.test.autoconfigure.webservices.client.MockWebServiceServerTestExecutionListener, org.springframework.boot.test.mock.mockito.MockitoTestExecutionListener, org.springframework.boot.test.mock.mockito.ResetMocksTestExecutionListener, org.springframework.test.context.web.ServletTestExecutionListener, org.springframework.test.context.support.DirtiesContextBeforeModesTestExecutionListener, org.springframework.test.context.event.ApplicationEventsTestExecutionListener, org.springframework.test.context.support.DependencyInjectionTestExecutionListener, org.springframework.test.context.support.DirtiesContextTestExecutionListener, org.springframework.test.context.transaction.TransactionalTestExecutionListener, org.springframework.test.context.jdbc.SqlScriptsTestExecutionListener, org.springframework.test.context.event.EventPublishingTestExecutionListener]
22:38:54.502 [Test worker] INFO org.springframework.boot.test.context.SpringBootTestContextBootstrapper - Using TestExecutionListeners: [org.springframework.test.context.web.ServletTestExecutionListener@6b85300e, org.springframework.test.context.support.DirtiesContextBeforeModesTestExecutionListener@3aaf4f07, org.springframework.test.context.event.ApplicationEventsTestExecutionListener@5cbf9e9f, org.springframework.boot.test.mock.mockito.MockitoTestExecutionListener@18e8473e, org.springframework.boot.test.autoconfigure.SpringBootDependencyInjectionTestExecutionListener@5a2f016d, org.springframework.test.context.support.DirtiesContextTestExecutionListener@1a38ba58, org.springframework.test.context.transaction.TransactionalTestExecutionListener@3ad394e6, org.springframework.test.context.jdbc.SqlScriptsTestExecutionListener@6058e535, org.springframework.test.context.event.EventPublishingTestExecutionListener@42deb43a, org.springframework.boot.test.autoconfigure.restdocs.RestDocsTestExecutionListener@1deb2c43, org.springframework.boot.test.autoconfigure.web.client.MockRestServiceServerResetTestExecutionListener@3bb9efbc, org.springframework.boot.test.autoconfigure.web.servlet.MockMvcPrintOnlyOnFailureTestExecutionListener@1cefc4b3, org.springframework.boot.test.autoconfigure.web.servlet.WebDriverTestExecutionListener@2b27cc70, org.springframework.boot.test.autoconfigure.webservices.client.MockWebServiceServerTestExecutionListener@6f6a7463, org.springframework.boot.test.mock.mockito.ResetMocksTestExecutionListener@1bdaa23d]
22:38:54.507 [Test worker] DEBUG org.springframework.test.context.support.AbstractDirtiesContextTestExecutionListener - Before test class: context [DefaultTestContext@32c0915e testClass = QuerydslBasicTest, testInstance = [null], testMethod = [null], testException = [null], mergedContextConfiguration = [WebMergedContextConfiguration@106faf11 testClass = QuerydslBasicTest, locations = '{}', classes = '{class study.querydsl.QuerydslApplication}', contextInitializerClasses = '[]', activeProfiles = '{}', propertySourceLocations = '{}', propertySourceProperties = '{org.springframework.boot.test.context.SpringBootTestContextBootstrapper=true}', contextCustomizers = set[org.springframework.boot.test.autoconfigure.actuate.metrics.MetricsExportContextCustomizerFactory$DisableMetricExportContextCustomizer@22b53226, org.springframework.boot.test.autoconfigure.properties.PropertyMappingContextCustomizer@0, org.springframework.boot.test.autoconfigure.web.servlet.WebDriverContextCustomizerFactory$Customizer@1080b026, org.springframework.boot.test.context.filter.ExcludeFilterContextCustomizer@dcfda20, org.springframework.boot.test.json.DuplicateJsonObjectContextCustomizerFactory$DuplicateJsonObjectContextCustomizer@5c87bfe2, org.springframework.boot.test.mock.mockito.MockitoContextCustomizer@0, org.springframework.boot.test.web.client.TestRestTemplateContextCustomizer@efde75f, org.springframework.boot.test.context.SpringBootTestArgs@1, org.springframework.boot.test.context.SpringBootTestWebEnvironment@a8ef162], resourceBasePath = 'src/main/webapp', contextLoader = 'org.springframework.boot.test.context.SpringBootContextLoader', parent = [null]], attributes = map['org.springframework.test.context.web.ServletTestExecutionListener.activateListener' -> true]], class annotated with @DirtiesContext [false] with mode [null].
22:38:54.693 [Test worker] DEBUG org.springframework.boot.ApplicationServletEnvironment - Activating profiles []
22:38:54.701 [Test worker] DEBUG org.springframework.test.context.support.TestPropertySourceUtils - Adding inlined properties to environment: {spring.jmx.enabled=false, org.springframework.boot.test.context.SpringBootTestContextBootstrapper=true}

  .   ____          _            __ _ _
 /\\ / ___'_ __ _ _(_)_ __  __ _ \ \ \ \
( ( )\___ | '_ | '_| | '_ \/ _` | \ \ \ \
 \\/  ___)| |_)| | | | | || (_| |  ) ) ) )
  '  |____| .__|_| |_|_| |_\__, | / / / /
 =========|_|==============|___/=/_/_/_/
 :: Spring Boot ::                (v2.6.2)

2022-01-10 22:38:55.540  INFO 45777 --- [    Test worker] study.querydsl.QuerydslBasicTest         : Starting QuerydslBasicTest using Java 11.0.11 on gim-yulhuiui-MacBook-Pro.local with PID 45777 (started by kim-yulhee in /Users/kim-yulhee/Spring-Study/querydsl)
2022-01-10 22:38:55.541  INFO 45777 --- [    Test worker] study.querydsl.QuerydslBasicTest         : No active profile set, falling back to default profiles: default
2022-01-10 22:38:56.887  INFO 45777 --- [    Test worker] .s.d.r.c.RepositoryConfigurationDelegate : Bootstrapping Spring Data JPA repositories in DEFAULT mode.
2022-01-10 22:38:56.918  INFO 45777 --- [    Test worker] .s.d.r.c.RepositoryConfigurationDelegate : Finished Spring Data repository scanning in 19 ms. Found 0 JPA repository interfaces.
2022-01-10 22:38:58.139  INFO 45777 --- [    Test worker] o.hibernate.jpa.internal.util.LogHelper  : HHH000204: Processing PersistenceUnitInfo [name: default]
2022-01-10 22:38:58.340  INFO 45777 --- [    Test worker] org.hibernate.Version                    : HHH000412: Hibernate ORM core version 5.6.3.Final
2022-01-10 22:38:58.832  INFO 45777 --- [    Test worker] o.hibernate.annotations.common.Version   : HCANN000001: Hibernate Commons Annotations {5.1.2.Final}
2022-01-10 22:38:59.043  INFO 45777 --- [    Test worker] com.zaxxer.hikari.HikariDataSource       : HikariPool-1 - Starting...
2022-01-10 22:38:59.242  INFO 45777 --- [    Test worker] com.zaxxer.hikari.HikariDataSource       : HikariPool-1 - Start completed.
2022-01-10 22:38:59.309  INFO 45777 --- [    Test worker] org.hibernate.dialect.Dialect            : HHH000400: Using dialect: org.hibernate.dialect.H2Dialect
2022-01-10 22:39:01.071 DEBUG 45777 --- [    Test worker] org.hibernate.SQL                        : 
    
    drop table if exists hello CASCADE 
2022-01-10 22:39:01.076 DEBUG 45777 --- [    Test worker] org.hibernate.SQL                        : 
    
    drop table if exists member CASCADE 
2022-01-10 22:39:01.078 DEBUG 45777 --- [    Test worker] org.hibernate.SQL                        : 
    
    drop table if exists team CASCADE 
2022-01-10 22:39:01.081 DEBUG 45777 --- [    Test worker] org.hibernate.SQL                        : 
    
    drop sequence if exists hibernate_sequence
2022-01-10 22:39:01.117 DEBUG 45777 --- [    Test worker] org.hibernate.SQL                        : create sequence hibernate_sequence start with 1 increment by 1
2022-01-10 22:39:01.131 DEBUG 45777 --- [    Test worker] org.hibernate.SQL                        : 
    
    create table hello (
       id bigint not null,
        primary key (id)
    )
2022-01-10 22:39:01.135 DEBUG 45777 --- [    Test worker] org.hibernate.SQL                        : 
    
    create table member (
       member_id bigint not null,
        age integer not null,
        username varchar(255),
        team_id bigint,
        primary key (member_id)
    )
2022-01-10 22:39:01.142 DEBUG 45777 --- [    Test worker] org.hibernate.SQL                        : 
    
    create table team (
       id bigint not null,
        name varchar(255),
        primary key (id)
    )
2022-01-10 22:39:01.144 DEBUG 45777 --- [    Test worker] org.hibernate.SQL                        : 
    
    alter table member 
       add constraint FKcjte2jn9pvo9ud2hyfgwcja0k 
       foreign key (team_id) 
       references team
2022-01-10 22:39:01.344  INFO 45777 --- [    Test worker] o.h.e.t.j.p.i.JtaPlatformInitiator       : HHH000490: Using JtaPlatform implementation: [org.hibernate.engine.transaction.jta.platform.internal.NoJtaPlatform]
2022-01-10 22:39:01.368  INFO 45777 --- [    Test worker] j.LocalContainerEntityManagerFactoryBean : Initialized JPA EntityManagerFactory for persistence unit 'default'
2022-01-10 22:39:01.721  WARN 45777 --- [    Test worker] JpaBaseConfiguration$JpaWebConfiguration : spring.jpa.open-in-view is enabled by default. Therefore, database queries may be performed during view rendering. Explicitly configure spring.jpa.open-in-view to disable this warning
2022-01-10 22:39:02.866  INFO 45777 --- [    Test worker] study.querydsl.QuerydslBasicTest         : Started QuerydslBasicTest in 8.157 seconds (JVM running for 11.319)
2022-01-10 22:39:03.134  INFO 45777 --- [    Test worker] o.s.t.c.transaction.TransactionContext   : Began transaction (1) for test context [DefaultTestContext@32c0915e testClass = QuerydslBasicTest, testInstance = study.querydsl.QuerydslBasicTest@4fe9adfb, testMethod = findDtoByConstructor@QuerydslBasicTest, testException = [null], mergedContextConfiguration = [WebMergedContextConfiguration@106faf11 testClass = QuerydslBasicTest, locations = '{}', classes = '{class study.querydsl.QuerydslApplication}', contextInitializerClasses = '[]', activeProfiles = '{}', propertySourceLocations = '{}', propertySourceProperties = '{org.springframework.boot.test.context.SpringBootTestContextBootstrapper=true}', contextCustomizers = set[org.springframework.boot.test.autoconfigure.actuate.metrics.MetricsExportContextCustomizerFactory$DisableMetricExportContextCustomizer@22b53226, org.springframework.boot.test.autoconfigure.properties.PropertyMappingContextCustomizer@0, org.springframework.boot.test.autoconfigure.web.servlet.WebDriverContextCustomizerFactory$Customizer@1080b026, org.springframework.boot.test.context.filter.ExcludeFilterContextCustomizer@dcfda20, org.springframework.boot.test.json.DuplicateJsonObjectContextCustomizerFactory$DuplicateJsonObjectContextCustomizer@5c87bfe2, org.springframework.boot.test.mock.mockito.MockitoContextCustomizer@0, org.springframework.boot.test.web.client.TestRestTemplateContextCustomizer@efde75f, org.springframework.boot.test.context.SpringBootTestArgs@1, org.springframework.boot.test.context.SpringBootTestWebEnvironment@a8ef162], resourceBasePath = 'src/main/webapp', contextLoader = 'org.springframework.boot.test.context.SpringBootContextLoader', parent = [null]], attributes = map['org.springframework.test.context.web.ServletTestExecutionListener.activateListener' -> true, 'org.springframework.test.context.web.ServletTestExecutionListener.populatedRequestContextHolder' -> true, 'org.springframework.test.context.web.ServletTestExecutionListener.resetRequestContextHolder' -> true, 'org.springframework.test.context.event.ApplicationEventsTestExecutionListener.recordApplicationEvents' -> false]]; transaction manager [org.springframework.orm.jpa.JpaTransactionManager@22dc9d46]; rollback [true]
2022-01-10 22:39:03.351 DEBUG 45777 --- [    Test worker] org.hibernate.SQL                        : 
    call next value for hibernate_sequence
2022-01-10 22:39:03.416 DEBUG 45777 --- [    Test worker] org.hibernate.SQL                        : 
    call next value for hibernate_sequence
2022-01-10 22:39:03.419 DEBUG 45777 --- [    Test worker] org.hibernate.SQL                        : 
    call next value for hibernate_sequence
2022-01-10 22:39:03.434 DEBUG 45777 --- [    Test worker] org.hibernate.SQL                        : 
    call next value for hibernate_sequence
2022-01-10 22:39:03.450 DEBUG 45777 --- [    Test worker] org.hibernate.SQL                        : 
    call next value for hibernate_sequence
2022-01-10 22:39:03.453 DEBUG 45777 --- [    Test worker] org.hibernate.SQL                        : 
    call next value for hibernate_sequence
2022-01-10 22:39:03.954 DEBUG 45777 --- [    Test worker] org.hibernate.SQL                        : 
    /* insert study.querydsl.entity.Team
        */ insert 
        into
            team
            (name, id) 
        values
            (?, ?)
2022-01-10 22:39:03.967 DEBUG 45777 --- [    Test worker] org.hibernate.SQL                        : 
    /* insert study.querydsl.entity.Team
        */ insert 
        into
            team
            (name, id) 
        values
            (?, ?)
2022-01-10 22:39:03.975 DEBUG 45777 --- [    Test worker] org.hibernate.SQL                        : 
    /* insert study.querydsl.entity.Member
        */ insert 
        into
            member
            (age, team_id, username, member_id) 
        values
            (?, ?, ?, ?)
2022-01-10 22:39:03.985 DEBUG 45777 --- [    Test worker] org.hibernate.SQL                        : 
    /* insert study.querydsl.entity.Member
        */ insert 
        into
            member
            (age, team_id, username, member_id) 
        values
            (?, ?, ?, ?)
2022-01-10 22:39:03.999 DEBUG 45777 --- [    Test worker] org.hibernate.SQL                        : 
    /* insert study.querydsl.entity.Member
        */ insert 
        into
            member
            (age, team_id, username, member_id) 
        values
            (?, ?, ?, ?)
2022-01-10 22:39:04.003 DEBUG 45777 --- [    Test worker] org.hibernate.SQL                        : 
    /* insert study.querydsl.entity.Member
        */ insert 
        into
            member
            (age, team_id, username, member_id) 
        values
            (?, ?, ?, ?)
2022-01-10 22:39:04.014 DEBUG 45777 --- [    Test worker] org.hibernate.SQL                        : 
    /* select
        member1.username,
        member1.age 
    from
        Member member1 */ select
            member0_.username as col_0_0_,
            member0_.age as col_1_0_ 
        from
            member member0_
memberDto = UserDto(name=member1, age=10)
memberDto = UserDto(name=member2, age=20)
memberDto = UserDto(name=member3, age=30)
memberDto = UserDto(name=member4, age=40)
2022-01-10 22:39:04.080  INFO 45777 --- [    Test worker] o.s.t.c.transaction.TransactionContext   : Rolled back transaction for test: [DefaultTestContext@32c0915e testClass = QuerydslBasicTest, testInstance = study.querydsl.QuerydslBasicTest@4fe9adfb, testMethod = findDtoByConstructor@QuerydslBasicTest, testException = [null], mergedContextConfiguration = [WebMergedContextConfiguration@106faf11 testClass = QuerydslBasicTest, locations = '{}', classes = '{class study.querydsl.QuerydslApplication}', contextInitializerClasses = '[]', activeProfiles = '{}', propertySourceLocations = '{}', propertySourceProperties = '{org.springframework.boot.test.context.SpringBootTestContextBootstrapper=true}', contextCustomizers = set[org.springframework.boot.test.autoconfigure.actuate.metrics.MetricsExportContextCustomizerFactory$DisableMetricExportContextCustomizer@22b53226, org.springframework.boot.test.autoconfigure.properties.PropertyMappingContextCustomizer@0, org.springframework.boot.test.autoconfigure.web.servlet.WebDriverContextCustomizerFactory$Customizer@1080b026, org.springframework.boot.test.context.filter.ExcludeFilterContextCustomizer@dcfda20, org.springframework.boot.test.json.DuplicateJsonObjectContextCustomizerFactory$DuplicateJsonObjectContextCustomizer@5c87bfe2, org.springframework.boot.test.mock.mockito.MockitoContextCustomizer@0, org.springframework.boot.test.web.client.TestRestTemplateContextCustomizer@efde75f, org.springframework.boot.test.context.SpringBootTestArgs@1, org.springframework.boot.test.context.SpringBootTestWebEnvironment@a8ef162], resourceBasePath = 'src/main/webapp', contextLoader = 'org.springframework.boot.test.context.SpringBootContextLoader', parent = [null]], attributes = map['org.springframework.test.context.web.ServletTestExecutionListener.activateListener' -> true, 'org.springframework.test.context.web.ServletTestExecutionListener.populatedRequestContextHolder' -> true, 'org.springframework.test.context.web.ServletTestExecutionListener.resetRequestContextHolder' -> true, 'org.springframework.test.context.event.ApplicationEventsTestExecutionListener.recordApplicationEvents' -> false]]
]]></system-out>
  <system-err><![CDATA[]]></system-err>
</testsuite>
