<?xml version="1.0" encoding="UTF-8"?>
<testsuite name="study.querydsl.QuerydslBasicTest" tests="1" skipped="0" failures="0" errors="0" timestamp="2022-01-09T14:12:41" hostname="gim-yulhuiui-MacBook-Pro.local" time="1.863">
  <properties/>
  <testcase name="complexCase()" classname="study.querydsl.QuerydslBasicTest" time="1.863"/>
  <system-out><![CDATA[23:12:28.029 [Test worker] DEBUG org.springframework.test.context.BootstrapUtils - Instantiating CacheAwareContextLoaderDelegate from class [org.springframework.test.context.cache.DefaultCacheAwareContextLoaderDelegate]
23:12:28.087 [Test worker] DEBUG org.springframework.test.context.BootstrapUtils - Instantiating BootstrapContext using constructor [public org.springframework.test.context.support.DefaultBootstrapContext(java.lang.Class,org.springframework.test.context.CacheAwareContextLoaderDelegate)]
23:12:28.159 [Test worker] DEBUG org.springframework.test.context.BootstrapUtils - Instantiating TestContextBootstrapper for test class [study.querydsl.QuerydslBasicTest] from class [org.springframework.boot.test.context.SpringBootTestContextBootstrapper]
23:12:28.190 [Test worker] INFO org.springframework.boot.test.context.SpringBootTestContextBootstrapper - Neither @ContextConfiguration nor @ContextHierarchy found for test class [study.querydsl.QuerydslBasicTest], using SpringBootContextLoader
23:12:28.199 [Test worker] DEBUG org.springframework.test.context.support.AbstractContextLoader - Did not detect default resource location for test class [study.querydsl.QuerydslBasicTest]: class path resource [study/querydsl/QuerydslBasicTest-context.xml] does not exist
23:12:28.204 [Test worker] DEBUG org.springframework.test.context.support.AbstractContextLoader - Did not detect default resource location for test class [study.querydsl.QuerydslBasicTest]: class path resource [study/querydsl/QuerydslBasicTestContext.groovy] does not exist
23:12:28.208 [Test worker] INFO org.springframework.test.context.support.AbstractContextLoader - Could not detect default resource locations for test class [study.querydsl.QuerydslBasicTest]: no resource found for suffixes {-context.xml, Context.groovy}.
23:12:28.210 [Test worker] INFO org.springframework.test.context.support.AnnotationConfigContextLoaderUtils - Could not detect default configuration classes for test class [study.querydsl.QuerydslBasicTest]: QuerydslBasicTest does not declare any static, non-private, non-final, nested classes annotated with @Configuration.
23:12:28.305 [Test worker] DEBUG org.springframework.test.context.support.ActiveProfilesUtils - Could not find an 'annotation declaring class' for annotation type [org.springframework.test.context.ActiveProfiles] and class [study.querydsl.QuerydslBasicTest]
23:12:28.414 [Test worker] DEBUG org.springframework.context.annotation.ClassPathScanningCandidateComponentProvider - Identified candidate component class: file [/Users/kim-yulhee/Spring-Study/querydsl/build/classes/java/main/study/querydsl/QuerydslApplication.class]
23:12:28.415 [Test worker] INFO org.springframework.boot.test.context.SpringBootTestContextBootstrapper - Found @SpringBootConfiguration study.querydsl.QuerydslApplication for test class study.querydsl.QuerydslBasicTest
23:12:28.629 [Test worker] DEBUG org.springframework.boot.test.context.SpringBootTestContextBootstrapper - @TestExecutionListeners is not present for class [study.querydsl.QuerydslBasicTest]: using defaults.
23:12:28.631 [Test worker] INFO org.springframework.boot.test.context.SpringBootTestContextBootstrapper - Loaded default TestExecutionListener class names from location [META-INF/spring.factories]: [org.springframework.boot.test.autoconfigure.restdocs.RestDocsTestExecutionListener, org.springframework.boot.test.autoconfigure.web.client.MockRestServiceServerResetTestExecutionListener, org.springframework.boot.test.autoconfigure.web.servlet.MockMvcPrintOnlyOnFailureTestExecutionListener, org.springframework.boot.test.autoconfigure.web.servlet.WebDriverTestExecutionListener, org.springframework.boot.test.autoconfigure.webservices.client.MockWebServiceServerTestExecutionListener, org.springframework.boot.test.mock.mockito.MockitoTestExecutionListener, org.springframework.boot.test.mock.mockito.ResetMocksTestExecutionListener, org.springframework.test.context.web.ServletTestExecutionListener, org.springframework.test.context.support.DirtiesContextBeforeModesTestExecutionListener, org.springframework.test.context.event.ApplicationEventsTestExecutionListener, org.springframework.test.context.support.DependencyInjectionTestExecutionListener, org.springframework.test.context.support.DirtiesContextTestExecutionListener, org.springframework.test.context.transaction.TransactionalTestExecutionListener, org.springframework.test.context.jdbc.SqlScriptsTestExecutionListener, org.springframework.test.context.event.EventPublishingTestExecutionListener]
23:12:28.670 [Test worker] INFO org.springframework.boot.test.context.SpringBootTestContextBootstrapper - Using TestExecutionListeners: [org.springframework.test.context.web.ServletTestExecutionListener@33a2499c, org.springframework.test.context.support.DirtiesContextBeforeModesTestExecutionListener@e72dba7, org.springframework.test.context.event.ApplicationEventsTestExecutionListener@33c2bd, org.springframework.boot.test.mock.mockito.MockitoTestExecutionListener@1dfd5f51, org.springframework.boot.test.autoconfigure.SpringBootDependencyInjectionTestExecutionListener@3c321bdb, org.springframework.test.context.support.DirtiesContextTestExecutionListener@24855019, org.springframework.test.context.transaction.TransactionalTestExecutionListener@3abd581e, org.springframework.test.context.jdbc.SqlScriptsTestExecutionListener@4d4d8fcf, org.springframework.test.context.event.EventPublishingTestExecutionListener@610db97e, org.springframework.boot.test.autoconfigure.restdocs.RestDocsTestExecutionListener@6f0628de, org.springframework.boot.test.autoconfigure.web.client.MockRestServiceServerResetTestExecutionListener@3fabf088, org.springframework.boot.test.autoconfigure.web.servlet.MockMvcPrintOnlyOnFailureTestExecutionListener@1e392345, org.springframework.boot.test.autoconfigure.web.servlet.WebDriverTestExecutionListener@12f3afb5, org.springframework.boot.test.autoconfigure.webservices.client.MockWebServiceServerTestExecutionListener@4ced35ed, org.springframework.boot.test.mock.mockito.ResetMocksTestExecutionListener@2c22a348]
23:12:28.678 [Test worker] DEBUG org.springframework.test.context.support.AbstractDirtiesContextTestExecutionListener - Before test class: context [DefaultTestContext@3a7704c testClass = QuerydslBasicTest, testInstance = [null], testMethod = [null], testException = [null], mergedContextConfiguration = [WebMergedContextConfiguration@6754ef00 testClass = QuerydslBasicTest, locations = '{}', classes = '{class study.querydsl.QuerydslApplication}', contextInitializerClasses = '[]', activeProfiles = '{}', propertySourceLocations = '{}', propertySourceProperties = '{org.springframework.boot.test.context.SpringBootTestContextBootstrapper=true}', contextCustomizers = set[org.springframework.boot.test.autoconfigure.actuate.metrics.MetricsExportContextCustomizerFactory$DisableMetricExportContextCustomizer@19ae6bb, org.springframework.boot.test.autoconfigure.properties.PropertyMappingContextCustomizer@0, org.springframework.boot.test.autoconfigure.web.servlet.WebDriverContextCustomizerFactory$Customizer@fd8294b, org.springframework.boot.test.context.filter.ExcludeFilterContextCustomizer@6f8f9349, org.springframework.boot.test.json.DuplicateJsonObjectContextCustomizerFactory$DuplicateJsonObjectContextCustomizer@5c3b6c6e, org.springframework.boot.test.mock.mockito.MockitoContextCustomizer@0, org.springframework.boot.test.web.client.TestRestTemplateContextCustomizer@14c01636, org.springframework.boot.test.context.SpringBootTestArgs@1, org.springframework.boot.test.context.SpringBootTestWebEnvironment@383dc82c], resourceBasePath = 'src/main/webapp', contextLoader = 'org.springframework.boot.test.context.SpringBootContextLoader', parent = [null]], attributes = map['org.springframework.test.context.web.ServletTestExecutionListener.activateListener' -> true]], class annotated with @DirtiesContext [false] with mode [null].
23:12:28.797 [Test worker] DEBUG org.springframework.boot.ApplicationServletEnvironment - Activating profiles []
23:12:28.811 [Test worker] DEBUG org.springframework.test.context.support.TestPropertySourceUtils - Adding inlined properties to environment: {spring.jmx.enabled=false, org.springframework.boot.test.context.SpringBootTestContextBootstrapper=true}

  .   ____          _            __ _ _
 /\\ / ___'_ __ _ _(_)_ __  __ _ \ \ \ \
( ( )\___ | '_ | '_| | '_ \/ _` | \ \ \ \
 \\/  ___)| |_)| | | | | || (_| |  ) ) ) )
  '  |____| .__|_| |_|_| |_\__, | / / / /
 =========|_|==============|___/=/_/_/_/
 :: Spring Boot ::                (v2.6.2)

2022-01-09 23:12:29.704  INFO 88196 --- [    Test worker] study.querydsl.QuerydslBasicTest         : Starting QuerydslBasicTest using Java 11.0.11 on gim-yulhuiui-MacBook-Pro.local with PID 88196 (started by kim-yulhee in /Users/kim-yulhee/Spring-Study/querydsl)
2022-01-09 23:12:29.707  INFO 88196 --- [    Test worker] study.querydsl.QuerydslBasicTest         : No active profile set, falling back to default profiles: default
2022-01-09 23:12:31.121  INFO 88196 --- [    Test worker] .s.d.r.c.RepositoryConfigurationDelegate : Bootstrapping Spring Data JPA repositories in DEFAULT mode.
2022-01-09 23:12:31.162  INFO 88196 --- [    Test worker] .s.d.r.c.RepositoryConfigurationDelegate : Finished Spring Data repository scanning in 20 ms. Found 0 JPA repository interfaces.
2022-01-09 23:12:32.653  INFO 88196 --- [    Test worker] o.hibernate.jpa.internal.util.LogHelper  : HHH000204: Processing PersistenceUnitInfo [name: default]
2022-01-09 23:12:32.850  INFO 88196 --- [    Test worker] org.hibernate.Version                    : HHH000412: Hibernate ORM core version 5.6.3.Final
2022-01-09 23:12:33.409  INFO 88196 --- [    Test worker] o.hibernate.annotations.common.Version   : HCANN000001: Hibernate Commons Annotations {5.1.2.Final}
2022-01-09 23:12:33.637  INFO 88196 --- [    Test worker] com.zaxxer.hikari.HikariDataSource       : HikariPool-1 - Starting...
2022-01-09 23:12:33.914  INFO 88196 --- [    Test worker] com.zaxxer.hikari.HikariDataSource       : HikariPool-1 - Start completed.
2022-01-09 23:12:33.989  INFO 88196 --- [    Test worker] org.hibernate.dialect.Dialect            : HHH000400: Using dialect: org.hibernate.dialect.H2Dialect
2022-01-09 23:12:36.646 DEBUG 88196 --- [    Test worker] org.hibernate.SQL                        : 
    
    drop table if exists hello CASCADE 
2022-01-09 23:12:36.698 DEBUG 88196 --- [    Test worker] org.hibernate.SQL                        : 
    
    drop table if exists member CASCADE 
2022-01-09 23:12:36.703 DEBUG 88196 --- [    Test worker] org.hibernate.SQL                        : 
    
    drop table if exists team CASCADE 
2022-01-09 23:12:36.707 DEBUG 88196 --- [    Test worker] org.hibernate.SQL                        : 
    
    drop sequence if exists hibernate_sequence
2022-01-09 23:12:36.728 DEBUG 88196 --- [    Test worker] org.hibernate.SQL                        : create sequence hibernate_sequence start with 1 increment by 1
2022-01-09 23:12:36.733 DEBUG 88196 --- [    Test worker] org.hibernate.SQL                        : 
    
    create table hello (
       id bigint not null,
        primary key (id)
    )
2022-01-09 23:12:36.759 DEBUG 88196 --- [    Test worker] org.hibernate.SQL                        : 
    
    create table member (
       member_id bigint not null,
        age integer not null,
        username varchar(255),
        team_id bigint,
        primary key (member_id)
    )
2022-01-09 23:12:36.818 DEBUG 88196 --- [    Test worker] org.hibernate.SQL                        : 
    
    create table team (
       id bigint not null,
        name varchar(255),
        primary key (id)
    )
2022-01-09 23:12:36.838 DEBUG 88196 --- [    Test worker] org.hibernate.SQL                        : 
    
    alter table member 
       add constraint FKcjte2jn9pvo9ud2hyfgwcja0k 
       foreign key (team_id) 
       references team
2022-01-09 23:12:36.908  INFO 88196 --- [    Test worker] o.h.e.t.j.p.i.JtaPlatformInitiator       : HHH000490: Using JtaPlatform implementation: [org.hibernate.engine.transaction.jta.platform.internal.NoJtaPlatform]
2022-01-09 23:12:36.937  INFO 88196 --- [    Test worker] j.LocalContainerEntityManagerFactoryBean : Initialized JPA EntityManagerFactory for persistence unit 'default'
2022-01-09 23:12:38.718  WARN 88196 --- [    Test worker] JpaBaseConfiguration$JpaWebConfiguration : spring.jpa.open-in-view is enabled by default. Therefore, database queries may be performed during view rendering. Explicitly configure spring.jpa.open-in-view to disable this warning
2022-01-09 23:12:40.976  INFO 88196 --- [    Test worker] study.querydsl.QuerydslBasicTest         : Started QuerydslBasicTest in 12.104 seconds (JVM running for 15.608)
2022-01-09 23:12:41.813  INFO 88196 --- [    Test worker] o.s.t.c.transaction.TransactionContext   : Began transaction (1) for test context [DefaultTestContext@3a7704c testClass = QuerydslBasicTest, testInstance = study.querydsl.QuerydslBasicTest@4cd1716d, testMethod = complexCase@QuerydslBasicTest, testException = [null], mergedContextConfiguration = [WebMergedContextConfiguration@6754ef00 testClass = QuerydslBasicTest, locations = '{}', classes = '{class study.querydsl.QuerydslApplication}', contextInitializerClasses = '[]', activeProfiles = '{}', propertySourceLocations = '{}', propertySourceProperties = '{org.springframework.boot.test.context.SpringBootTestContextBootstrapper=true}', contextCustomizers = set[org.springframework.boot.test.autoconfigure.actuate.metrics.MetricsExportContextCustomizerFactory$DisableMetricExportContextCustomizer@19ae6bb, org.springframework.boot.test.autoconfigure.properties.PropertyMappingContextCustomizer@0, org.springframework.boot.test.autoconfigure.web.servlet.WebDriverContextCustomizerFactory$Customizer@fd8294b, org.springframework.boot.test.context.filter.ExcludeFilterContextCustomizer@6f8f9349, org.springframework.boot.test.json.DuplicateJsonObjectContextCustomizerFactory$DuplicateJsonObjectContextCustomizer@5c3b6c6e, org.springframework.boot.test.mock.mockito.MockitoContextCustomizer@0, org.springframework.boot.test.web.client.TestRestTemplateContextCustomizer@14c01636, org.springframework.boot.test.context.SpringBootTestArgs@1, org.springframework.boot.test.context.SpringBootTestWebEnvironment@383dc82c], resourceBasePath = 'src/main/webapp', contextLoader = 'org.springframework.boot.test.context.SpringBootContextLoader', parent = [null]], attributes = map['org.springframework.test.context.web.ServletTestExecutionListener.activateListener' -> true, 'org.springframework.test.context.web.ServletTestExecutionListener.populatedRequestContextHolder' -> true, 'org.springframework.test.context.web.ServletTestExecutionListener.resetRequestContextHolder' -> true, 'org.springframework.test.context.event.ApplicationEventsTestExecutionListener.recordApplicationEvents' -> false]]; transaction manager [org.springframework.orm.jpa.JpaTransactionManager@28e8dee7]; rollback [true]
2022-01-09 23:12:42.114 DEBUG 88196 --- [    Test worker] org.hibernate.SQL                        : 
    call next value for hibernate_sequence
2022-01-09 23:12:42.219 DEBUG 88196 --- [    Test worker] org.hibernate.SQL                        : 
    call next value for hibernate_sequence
2022-01-09 23:12:42.221 DEBUG 88196 --- [    Test worker] org.hibernate.SQL                        : 
    call next value for hibernate_sequence
2022-01-09 23:12:42.223 DEBUG 88196 --- [    Test worker] org.hibernate.SQL                        : 
    call next value for hibernate_sequence
2022-01-09 23:12:42.235 DEBUG 88196 --- [    Test worker] org.hibernate.SQL                        : 
    call next value for hibernate_sequence
2022-01-09 23:12:42.244 DEBUG 88196 --- [    Test worker] org.hibernate.SQL                        : 
    call next value for hibernate_sequence
2022-01-09 23:12:42.987 DEBUG 88196 --- [    Test worker] org.hibernate.SQL                        : 
    /* insert study.querydsl.entity.Team
        */ insert 
        into
            team
            (name, id) 
        values
            (?, ?)
2022-01-09 23:12:43.015 DEBUG 88196 --- [    Test worker] org.hibernate.SQL                        : 
    /* insert study.querydsl.entity.Team
        */ insert 
        into
            team
            (name, id) 
        values
            (?, ?)
2022-01-09 23:12:43.112 DEBUG 88196 --- [    Test worker] org.hibernate.SQL                        : 
    /* insert study.querydsl.entity.Member
        */ insert 
        into
            member
            (age, team_id, username, member_id) 
        values
            (?, ?, ?, ?)
2022-01-09 23:12:43.118 DEBUG 88196 --- [    Test worker] org.hibernate.SQL                        : 
    /* insert study.querydsl.entity.Member
        */ insert 
        into
            member
            (age, team_id, username, member_id) 
        values
            (?, ?, ?, ?)
2022-01-09 23:12:43.122 DEBUG 88196 --- [    Test worker] org.hibernate.SQL                        : 
    /* insert study.querydsl.entity.Member
        */ insert 
        into
            member
            (age, team_id, username, member_id) 
        values
            (?, ?, ?, ?)
2022-01-09 23:12:43.135 DEBUG 88196 --- [    Test worker] org.hibernate.SQL                        : 
    /* insert study.querydsl.entity.Member
        */ insert 
        into
            member
            (age, team_id, username, member_id) 
        values
            (?, ?, ?, ?)
2022-01-09 23:12:43.154 DEBUG 88196 --- [    Test worker] org.hibernate.SQL                        : 
    /* select
        case 
            when (member1.age between ?1 and ?2) then ?3 
            when (member1.age between ?4 and ?5) then ?6 
            else '기타' 
        end 
    from
        Member member1 */ select
            case 
                when member0_.age between ? and ? then ? 
                when member0_.age between ? and ? then ? 
                else '기타' 
            end as col_0_0_ 
        from
            member member0_
s= 0~20살
s= 0~20살
s= 21~30살
s= 기타
2022-01-09 23:12:43.203  INFO 88196 --- [    Test worker] o.s.t.c.transaction.TransactionContext   : Rolled back transaction for test: [DefaultTestContext@3a7704c testClass = QuerydslBasicTest, testInstance = study.querydsl.QuerydslBasicTest@4cd1716d, testMethod = complexCase@QuerydslBasicTest, testException = [null], mergedContextConfiguration = [WebMergedContextConfiguration@6754ef00 testClass = QuerydslBasicTest, locations = '{}', classes = '{class study.querydsl.QuerydslApplication}', contextInitializerClasses = '[]', activeProfiles = '{}', propertySourceLocations = '{}', propertySourceProperties = '{org.springframework.boot.test.context.SpringBootTestContextBootstrapper=true}', contextCustomizers = set[org.springframework.boot.test.autoconfigure.actuate.metrics.MetricsExportContextCustomizerFactory$DisableMetricExportContextCustomizer@19ae6bb, org.springframework.boot.test.autoconfigure.properties.PropertyMappingContextCustomizer@0, org.springframework.boot.test.autoconfigure.web.servlet.WebDriverContextCustomizerFactory$Customizer@fd8294b, org.springframework.boot.test.context.filter.ExcludeFilterContextCustomizer@6f8f9349, org.springframework.boot.test.json.DuplicateJsonObjectContextCustomizerFactory$DuplicateJsonObjectContextCustomizer@5c3b6c6e, org.springframework.boot.test.mock.mockito.MockitoContextCustomizer@0, org.springframework.boot.test.web.client.TestRestTemplateContextCustomizer@14c01636, org.springframework.boot.test.context.SpringBootTestArgs@1, org.springframework.boot.test.context.SpringBootTestWebEnvironment@383dc82c], resourceBasePath = 'src/main/webapp', contextLoader = 'org.springframework.boot.test.context.SpringBootContextLoader', parent = [null]], attributes = map['org.springframework.test.context.web.ServletTestExecutionListener.activateListener' -> true, 'org.springframework.test.context.web.ServletTestExecutionListener.populatedRequestContextHolder' -> true, 'org.springframework.test.context.web.ServletTestExecutionListener.resetRequestContextHolder' -> true, 'org.springframework.test.context.event.ApplicationEventsTestExecutionListener.recordApplicationEvents' -> false]]
]]></system-out>
  <system-err><![CDATA[]]></system-err>
</testsuite>
